0 silly argv {
0 silly argv   _: [ 'run' ],
0 silly argv   stream: true,
0 silly argv   lernaVersion: '7.4.2',
0 silly argv   '$0': '/home/zahel/WebstormProjects/IRIS/Viewers-3.10.1/node_modules/.bin/lerna',
0 silly argv   script: 'dev:orthanc'
0 silly argv }
1 notice cli v7.4.2
2 verbose packageConfigs Explicit "packages" configuration found in lerna.json. Resolving packages using the configured glob(s): ["extensions/*","platform/*","modes/*","addOns/externals/*"]
3 verbose rootPath /home/zahel/WebstormProjects/IRIS/Viewers-3.10.1
4 error Error: The following projects are defined in multiple locations:
4 error - @ohif/mode-longitudinal:
4 error   - modes/longitudinal
4 error   - modes/patient-view
4 error
4 error To fix this, set a unique name for each project in a project.json inside the project's root. If the project does not currently have a project.json, you can create one that contains only a name.
4 error     at readProjectConfigurationsFromRootMap (/home/zahel/WebstormProjects/IRIS/Viewers-3.10.1/node_modules/nx/src/project-graph/utils/project-configuration-utils.js:108:15)
4 error     at buildProjectsConfigurationsFromProjectPathsAndPlugins (/home/zahel/WebstormProjects/IRIS/Viewers-3.10.1/node_modules/nx/src/project-graph/utils/project-configuration-utils.js:81:19)
4 error     at createProjectConfigurations (/home/zahel/WebstormProjects/IRIS/Viewers-3.10.1/node_modules/nx/src/project-graph/utils/retrieve-workspace-files.js:131:129)
4 error     at WorkspaceContext.<anonymous> (/home/zahel/WebstormProjects/IRIS/Viewers-3.10.1/node_modules/nx/src/project-graph/utils/retrieve-workspace-files.js:82:39)
4 error     at getProjectConfigurationsFromContext (/home/zahel/WebstormProjects/IRIS/Viewers-3.10.1/node_modules/nx/src/utils/workspace-context.js:26:29)
4 error     at _retrieveProjectConfigurations (/home/zahel/WebstormProjects/IRIS/Viewers-3.10.1/node_modules/nx/src/project-graph/utils/retrieve-workspace-files.js:81:72)
4 error     at retrieveProjectConfigurations (/home/zahel/WebstormProjects/IRIS/Viewers-3.10.1/node_modules/nx/src/project-graph/utils/retrieve-workspace-files.js:58:12)
4 error     at process.processTicksAndRejections (node:internal/process/task_queues:95:5)
4 error     at async processCollectedUpdatedAndDeletedFiles (/home/zahel/WebstormProjects/IRIS/Viewers-3.10.1/node_modules/nx/src/daemon/server/project-graph-incremental-recomputation.js:129:34)
